<?xml version="1.0" encoding="UTF-8"?>
<testng-results ignored="0" total="1" passed="1" failed="0" skipped="0">
  <reporter-output>
  </reporter-output>
  <suite started-at="2023-12-07T00:09:37 IST" name="Suite" finished-at="2023-12-07T00:09:44 IST" duration-ms="6529">
    <groups>
    </groups>
    <test started-at="2023-12-07T00:09:37 IST" name="Test" finished-at="2023-12-07T00:09:44 IST" duration-ms="6529">
      <class name="com.bestbuy.test.Testcase1">
        <test-method signature="launching_browser()[pri:0, instance:com.bestbuy.test.Testcase1@309e345f]" started-at="2023-12-07T00:09:37 IST" name="launching_browser" finished-at="2023-12-07T00:09:44 IST" duration-ms="6455" status="PASS">
          <reporter-output>
          </reporter-output>
        </test-method> <!-- launching_browser -->
      </class> <!-- com.bestbuy.test.Testcase1 -->
    </test> <!-- Test -->
  </suite> <!-- Suite -->
</testng-results>
