<?xml version="1.0" encoding="UTF-8"?>
<testng-results ignored="0" total="1" passed="1" failed="0" skipped="0">
  <reporter-output>
  </reporter-output>
  <suite started-at="2023-12-13T20:40:02 IST" name="Suite" finished-at="2023-12-13T20:40:58 IST" duration-ms="55773">
    <groups>
    </groups>
    <test started-at="2023-12-13T20:40:02 IST" name="Test" finished-at="2023-12-13T20:40:58 IST" duration-ms="55773">
      <class name="com.bestbuy.utils.BBreports">
        <test-method is-config="true" signature="startReport()[pri:0, instance:com.bestbuy.utils.BBreports@2d1ef81a]" started-at="2023-12-13T20:40:02 IST" name="startReport" finished-at="2023-12-13T20:40:02 IST" duration-ms="484" status="PASS">
          <reporter-output>
          </reporter-output>
        </test-method> <!-- startReport -->
        <test-method is-config="true" signature="endReport()[pri:0, instance:com.bestbuy.utils.BBreports@2d1ef81a]" started-at="2023-12-13T20:40:58 IST" name="endReport" finished-at="2023-12-13T20:41:00 IST" duration-ms="1290" status="PASS">
          <reporter-output>
          </reporter-output>
        </test-method> <!-- endReport -->
      </class> <!-- com.bestbuy.utils.BBreports -->
      <class name="com.bestbuy.test.Testcase8">
        <test-method signature="allMenus()[pri:0, instance:com.bestbuy.test.Testcase8@217ed35e]" started-at="2023-12-13T20:40:02 IST" name="allMenus" finished-at="2023-12-13T20:40:58 IST" duration-ms="55692" status="PASS">
          <reporter-output>
          </reporter-output>
        </test-method> <!-- allMenus -->
      </class> <!-- com.bestbuy.test.Testcase8 -->
    </test> <!-- Test -->
  </suite> <!-- Suite -->
</testng-results>
