<?xml version="1.0" encoding="UTF-8"?>
<testng-results ignored="0" total="1" passed="1" failed="0" skipped="0">
  <reporter-output>
  </reporter-output>
  <suite started-at="2023-12-21T00:21:44 IST" name="Suite" finished-at="2023-12-21T00:23:17 IST" duration-ms="92561">
    <groups>
    </groups>
    <test started-at="2023-12-21T00:21:44 IST" name="Test" finished-at="2023-12-21T00:23:17 IST" duration-ms="92561">
      <class name="com.bestbuy.test.Testcase2">
        <test-method signature="signinTest()[pri:0, instance:com.bestbuy.test.Testcase2@7dcf94f8]" started-at="2023-12-21T00:21:44 IST" name="signinTest" finished-at="2023-12-21T00:23:17 IST" duration-ms="92495" status="PASS">
          <reporter-output>
          </reporter-output>
        </test-method> <!-- signinTest -->
      </class> <!-- com.bestbuy.test.Testcase2 -->
      <class name="com.bestbuy.utils.BBreports">
        <test-method is-config="true" signature="startReport()[pri:0, instance:com.bestbuy.utils.BBreports@4c402120]" started-at="2023-12-21T00:21:44 IST" name="startReport" finished-at="2023-12-21T00:21:44 IST" duration-ms="434" status="PASS">
          <reporter-output>
          </reporter-output>
        </test-method> <!-- startReport -->
        <test-method is-config="true" signature="endReport()[pri:0, instance:com.bestbuy.utils.BBreports@4c402120]" started-at="2023-12-21T00:23:17 IST" name="endReport" finished-at="2023-12-21T00:23:18 IST" duration-ms="494" status="PASS">
          <reporter-output>
          </reporter-output>
        </test-method> <!-- endReport -->
      </class> <!-- com.bestbuy.utils.BBreports -->
    </test> <!-- Test -->
  </suite> <!-- Suite -->
</testng-results>
